<?xml version="1.0" encoding="UTF-8"?>
<!-- Generated by org.testng.reporters.JUnitReportReporter -->
<testsuite skipped="0" hostname="DESKTOP-2TNHHV5" name="testCases.ReadAProduct" tests="1" failures="0" timestamp="16 Mar 2022 23:09:45 GMT" time="1.727" errors="0">
  <testcase name="readAProduct" time="1.727" classname="testCases.ReadAProduct"/>
</testsuite> <!-- testCases.ReadAProduct -->
