<?xml version="1.0" encoding="UTF-8"?>
<!-- Generated by org.testng.reporters.JUnitReportReporter -->
<testsuite skipped="0" hostname="DESKTOP-2TNHHV5" name="testCases.ReadAllProducts" tests="1" failures="0" timestamp="16 Mar 2022 23:09:03 GMT" time="1.620" errors="0">
  <testcase name="readAllProduct" time="1.620" classname="testCases.ReadAllProducts"/>
</testsuite> <!-- testCases.ReadAllProducts -->
