<?xml version="1.0" encoding="UTF-8"?>
<!-- Generated by org.testng.reporters.JUnitReportReporter -->
<testsuite skipped="0" hostname="DESKTOP-2TNHHV5" name="testCases.DeleteAProduct" tests="2" failures="0" timestamp="17 Mar 2022 00:36:56 GMT" time="2.294" errors="0">
  <testcase name="deleteAProduct" time="1.736" classname="testCases.DeleteAProduct"/>
  <testcase name="readAProduct" time="0.558" classname="testCases.DeleteAProduct"/>
</testsuite> <!-- testCases.DeleteAProduct -->
