<?xml version="1.0" encoding="UTF-8"?>
<!-- Generated by org.testng.reporters.JUnitReportReporter -->
<testsuite skipped="0" hostname="DESKTOP-2TNHHV5" name="testCases.CreateAProduct" tests="1" failures="0" timestamp="16 Mar 2022 23:21:48 GMT" time="2.205" errors="0">
  <testcase name="createAProduct" time="2.205" classname="testCases.CreateAProduct"/>
</testsuite> <!-- testCases.CreateAProduct -->
