<?xml version="1.0" encoding="UTF-8"?>
<!-- Generated by org.testng.reporters.JUnitReportReporter -->
<testsuite skipped="0" hostname="DESKTOP-2TNHHV5" name="testCases.ReadAllProduct" tests="1" failures="0" timestamp="17 Mar 2022 00:19:42 GMT" time="1.505" errors="0">
  <testcase name="readAllProduct" time="1.505" classname="testCases.ReadAllProduct"/>
</testsuite> <!-- testCases.ReadAllProduct -->
